<?xml version="1.0" encoding="UTF-8"?>
<!-- Generated by org.testng.reporters.JUnitReportReporter -->
<testsuite hostname="Senthilkumars-MacBook-Pro-2.local" failures="0" tests="1" name="script.DemoTest" time="21.220" errors="0" timestamp="13 Sept 2023 15:13:57 GMT" skipped="0">
  <testcase classname="script.DemoTest" name="testA" time="21.220"/>
</testsuite> <!-- script.DemoTest -->
