<?xml version="1.0" encoding="UTF-8"?>
<!-- Generated by org.testng.reporters.JUnitReportReporter -->
<testsuite hostname="Senthilkumars-MacBook-Pro-2.local" failures="0" tests="1" name="script.ValidLogin" time="51.695" errors="0" timestamp="13 Sept 2023 15:26:04 GMT" skipped="0">
  <testcase classname="script.ValidLogin" name="testValidLogin" time="51.695"/>
</testsuite> <!-- script.ValidLogin -->
