<?xml version="1.0" encoding="UTF-8"?>
<!-- Generated by org.testng.reporters.JUnitReportReporter -->
<testsuite hostname="Senthilkumars-MacBook-Pro-2.local" failures="0" tests="1" name="script.DemoTest" time="56.631" errors="0" timestamp="12 Sept 2023 14:17:18 GMT" skipped="0">
  <testcase classname="script.DemoTest" name="testA" time="56.631"/>
</testsuite> <!-- script.DemoTest -->
